<?xml version="1.0" encoding="UTF-8"?>
<!-- Generated by org.testng.reporters.JUnitReportReporter -->
<testsuite skipped="0" hostname="MADANK-W01" name="Flows.CMSUI_WorkflowManagement" tests="1" failures="0" timestamp="09 Oct 2018 10:23:08 GMT" time="149.542" errors="0">
  <testcase name="changeWorkflow_Graphic" time="149.542" classname="Flows.CMSUI_WorkflowManagement"/>
</testsuite> <!-- Flows.CMSUI_WorkflowManagement -->
