<?xml version="1.0" encoding="UTF-8"?>
<!-- Generated by org.testng.reporters.JUnitReportReporter -->
<testsuite skipped="0" hostname="MADANK-W01" name="Flows.NextGenAuthoring_Dashboard" tests="1" failures="0" timestamp="29 Oct 2018 08:07:29 GMT" time="35.601" errors="0">
  <testcase name="editPublication" time="35.601" classname="Flows.NextGenAuthoring_Dashboard"/>
</testsuite> <!-- Flows.NextGenAuthoring_Dashboard -->
