<?xml version="1.0" encoding="UTF-8"?>
<!-- Generated by org.testng.reporters.JUnitReportReporter -->
<testsuite skipped="0" hostname="MADANK-W01" name="Flows.CMSUI_SearchAndLocate" tests="2" failures="0" timestamp="09 Oct 2018 10:23:08 GMT" time="94.280" errors="0">
  <testcase name="LocateByGUID" time="50.142" classname="Flows.CMSUI_SearchAndLocate"/>
  <testcase name="SearchByGUID" time="44.138" classname="Flows.CMSUI_SearchAndLocate"/>
</testsuite> <!-- Flows.CMSUI_SearchAndLocate -->
