<?xml version="1.0" encoding="UTF-8"?>
<!-- Generated by org.testng.reporters.JUnitReportReporter -->
<testsuite skipped="0" hostname="USMUMKAMADAN3" name="Flows.LoginLogout" tests="2" failures="0" timestamp="16 Jul 2018 12:17:22 GMT" time="23.620" errors="0">
  <testcase name="DemoQARegister" time="13.934" classname="Flows.LoginLogout"/>
  <testcase name="DemoQA" time="9.686" classname="Flows.LoginLogout"/>
</testsuite> <!-- Flows.LoginLogout -->
