<?xml version="1.0" encoding="UTF-8"?>
<!-- Generated by org.testng.reporters.JUnitReportReporter -->
<testsuite skipped="0" hostname="MADANK-W01" name="Flows.CMSUI_VersioningAndBranching" tests="3" failures="0" timestamp="09 Oct 2018 10:23:08 GMT" time="261.182" errors="0">
  <testcase name="createVersionBranch_Map" time="86.653" classname="Flows.CMSUI_VersioningAndBranching"/>
  <testcase name="createVersionBranch_Publication" time="87.862" classname="Flows.CMSUI_VersioningAndBranching"/>
  <testcase name="createVersionBranch_Task" time="86.667" classname="Flows.CMSUI_VersioningAndBranching"/>
</testsuite> <!-- Flows.CMSUI_VersioningAndBranching -->
