<?xml version="1.0" encoding="UTF-8"?>
<!-- Generated by org.testng.reporters.JUnitReportReporter -->
<testsuite skipped="0" hostname="USMUMKAMADAN3" name="Flows.LoginLogout3" tests="3" failures="0" timestamp="11 Jul 2018 06:44:22 GMT" time="0.006" errors="0">
  <testcase name="ThirdTestCase" time="0.002" classname="Flows.LoginLogout3"/>
  <testcase name="FirstTestCase" time="0.003" classname="Flows.LoginLogout3"/>
  <testcase name="SecondTestCase" time="0.001" classname="Flows.LoginLogout3"/>
</testsuite> <!-- Flows.LoginLogout3 -->
